Determining if the pthread_create exist failed with the following output:
Change Dir: /home/florian/Aigritec/Real_Hebi_Ros/catkin_ws/build/hebi_a-2084-01-parallel-gripper_moveit_config/CMakeFiles/CMakeTmp

Run Build Command:"/usr/bin/make" "cmTC_ff569/fast"
/usr/bin/make -f CMakeFiles/cmTC_ff569.dir/build.make CMakeFiles/cmTC_ff569.dir/build
make[1]: ingresso nella directory "/home/florian/Aigritec/Real_Hebi_Ros/catkin_ws/build/hebi_a-2084-01-parallel-gripper_moveit_config/CMakeFiles/CMakeTmp"
Building C object CMakeFiles/cmTC_ff569.dir/CheckSymbolExists.c.o
/usr/bin/cc    -o CMakeFiles/cmTC_ff569.dir/CheckSymbolExists.c.o   -c /home/florian/Aigritec/Real_Hebi_Ros/catkin_ws/build/hebi_a-2084-01-parallel-gripper_moveit_config/CMakeFiles/CMakeTmp/CheckSymbolExists.c
Linking C executable cmTC_ff569
/usr/bin/cmake -E cmake_link_script CMakeFiles/cmTC_ff569.dir/link.txt --verbose=1
/usr/bin/cc      -rdynamic CMakeFiles/cmTC_ff569.dir/CheckSymbolExists.c.o  -o cmTC_ff569 
CMakeFiles/cmTC_ff569.dir/CheckSymbolExists.c.o: nella funzione "main":
CheckSymbolExists.c:(.text+0x1b): riferimento non definito a "pthread_create"
collect2: error: ld returned 1 exit status
CMakeFiles/cmTC_ff569.dir/build.make:97: recipe for target 'cmTC_ff569' failed
make[1]: *** [cmTC_ff569] Error 1
make[1]: uscita dalla directory "/home/florian/Aigritec/Real_Hebi_Ros/catkin_ws/build/hebi_a-2084-01-parallel-gripper_moveit_config/CMakeFiles/CMakeTmp"
Makefile:126: recipe for target 'cmTC_ff569/fast' failed
make: *** [cmTC_ff569/fast] Error 2

File /home/florian/Aigritec/Real_Hebi_Ros/catkin_ws/build/hebi_a-2084-01-parallel-gripper_moveit_config/CMakeFiles/CMakeTmp/CheckSymbolExists.c:
/* */
#include <pthread.h>

int main(int argc, char** argv)
{
  (void)argv;
#ifndef pthread_create
  return ((int*)(&pthread_create))[argc];
#else
  (void)argc;
  return 0;
#endif
}

Determining if the function pthread_create exists in the pthreads failed with the following output:
Change Dir: /home/florian/Aigritec/Real_Hebi_Ros/catkin_ws/build/hebi_a-2084-01-parallel-gripper_moveit_config/CMakeFiles/CMakeTmp

Run Build Command:"/usr/bin/make" "cmTC_efaaf/fast"
/usr/bin/make -f CMakeFiles/cmTC_efaaf.dir/build.make CMakeFiles/cmTC_efaaf.dir/build
make[1]: ingresso nella directory "/home/florian/Aigritec/Real_Hebi_Ros/catkin_ws/build/hebi_a-2084-01-parallel-gripper_moveit_config/CMakeFiles/CMakeTmp"
Building C object CMakeFiles/cmTC_efaaf.dir/CheckFunctionExists.c.o
/usr/bin/cc   -DCHECK_FUNCTION_EXISTS=pthread_create   -o CMakeFiles/cmTC_efaaf.dir/CheckFunctionExists.c.o   -c /usr/share/cmake-3.10/Modules/CheckFunctionExists.c
Linking C executable cmTC_efaaf
/usr/bin/cmake -E cmake_link_script CMakeFiles/cmTC_efaaf.dir/link.txt --verbose=1
/usr/bin/cc  -DCHECK_FUNCTION_EXISTS=pthread_create    -rdynamic CMakeFiles/cmTC_efaaf.dir/CheckFunctionExists.c.o  -o cmTC_efaaf -lpthreads 
/usr/bin/ld: impossibile trovare -lpthreads
collect2: error: ld returned 1 exit status
CMakeFiles/cmTC_efaaf.dir/build.make:97: recipe for target 'cmTC_efaaf' failed
make[1]: *** [cmTC_efaaf] Error 1
make[1]: uscita dalla directory "/home/florian/Aigritec/Real_Hebi_Ros/catkin_ws/build/hebi_a-2084-01-parallel-gripper_moveit_config/CMakeFiles/CMakeTmp"
Makefile:126: recipe for target 'cmTC_efaaf/fast' failed
make: *** [cmTC_efaaf/fast] Error 2


