Determining if the pthread_create exist failed with the following output:
Change Dir: /home/florian/Aigritec/Real_Hebi_Ros/catkin_ws/build/hebi_a-2085-05-parallel-gripper_moveit_config/CMakeFiles/CMakeTmp

Run Build Command:"/usr/bin/make" "cmTC_a6e77/fast"
/usr/bin/make -f CMakeFiles/cmTC_a6e77.dir/build.make CMakeFiles/cmTC_a6e77.dir/build
make[1]: ingresso nella directory "/home/florian/Aigritec/Real_Hebi_Ros/catkin_ws/build/hebi_a-2085-05-parallel-gripper_moveit_config/CMakeFiles/CMakeTmp"
Building C object CMakeFiles/cmTC_a6e77.dir/CheckSymbolExists.c.o
/usr/bin/cc    -o CMakeFiles/cmTC_a6e77.dir/CheckSymbolExists.c.o   -c /home/florian/Aigritec/Real_Hebi_Ros/catkin_ws/build/hebi_a-2085-05-parallel-gripper_moveit_config/CMakeFiles/CMakeTmp/CheckSymbolExists.c
Linking C executable cmTC_a6e77
/usr/bin/cmake -E cmake_link_script CMakeFiles/cmTC_a6e77.dir/link.txt --verbose=1
/usr/bin/cc      -rdynamic CMakeFiles/cmTC_a6e77.dir/CheckSymbolExists.c.o  -o cmTC_a6e77 
CMakeFiles/cmTC_a6e77.dir/CheckSymbolExists.c.o: nella funzione "main":
CheckSymbolExists.c:(.text+0x1b): riferimento non definito a "pthread_create"
collect2: error: ld returned 1 exit status
CMakeFiles/cmTC_a6e77.dir/build.make:97: recipe for target 'cmTC_a6e77' failed
make[1]: *** [cmTC_a6e77] Error 1
make[1]: uscita dalla directory "/home/florian/Aigritec/Real_Hebi_Ros/catkin_ws/build/hebi_a-2085-05-parallel-gripper_moveit_config/CMakeFiles/CMakeTmp"
Makefile:126: recipe for target 'cmTC_a6e77/fast' failed
make: *** [cmTC_a6e77/fast] Error 2

File /home/florian/Aigritec/Real_Hebi_Ros/catkin_ws/build/hebi_a-2085-05-parallel-gripper_moveit_config/CMakeFiles/CMakeTmp/CheckSymbolExists.c:
/* */
#include <pthread.h>

int main(int argc, char** argv)
{
  (void)argv;
#ifndef pthread_create
  return ((int*)(&pthread_create))[argc];
#else
  (void)argc;
  return 0;
#endif
}

Determining if the function pthread_create exists in the pthreads failed with the following output:
Change Dir: /home/florian/Aigritec/Real_Hebi_Ros/catkin_ws/build/hebi_a-2085-05-parallel-gripper_moveit_config/CMakeFiles/CMakeTmp

Run Build Command:"/usr/bin/make" "cmTC_000d7/fast"
/usr/bin/make -f CMakeFiles/cmTC_000d7.dir/build.make CMakeFiles/cmTC_000d7.dir/build
make[1]: ingresso nella directory "/home/florian/Aigritec/Real_Hebi_Ros/catkin_ws/build/hebi_a-2085-05-parallel-gripper_moveit_config/CMakeFiles/CMakeTmp"
Building C object CMakeFiles/cmTC_000d7.dir/CheckFunctionExists.c.o
/usr/bin/cc   -DCHECK_FUNCTION_EXISTS=pthread_create   -o CMakeFiles/cmTC_000d7.dir/CheckFunctionExists.c.o   -c /usr/share/cmake-3.10/Modules/CheckFunctionExists.c
Linking C executable cmTC_000d7
/usr/bin/cmake -E cmake_link_script CMakeFiles/cmTC_000d7.dir/link.txt --verbose=1
/usr/bin/cc  -DCHECK_FUNCTION_EXISTS=pthread_create    -rdynamic CMakeFiles/cmTC_000d7.dir/CheckFunctionExists.c.o  -o cmTC_000d7 -lpthreads 
/usr/bin/ld: impossibile trovare -lpthreads
collect2: error: ld returned 1 exit status
CMakeFiles/cmTC_000d7.dir/build.make:97: recipe for target 'cmTC_000d7' failed
make[1]: *** [cmTC_000d7] Error 1
make[1]: uscita dalla directory "/home/florian/Aigritec/Real_Hebi_Ros/catkin_ws/build/hebi_a-2085-05-parallel-gripper_moveit_config/CMakeFiles/CMakeTmp"
Makefile:126: recipe for target 'cmTC_000d7/fast' failed
make: *** [cmTC_000d7/fast] Error 2


