Determining if the pthread_create exist failed with the following output:
Change Dir: /home/florian/Aigritec/Real_Hebi_Ros/catkin_ws/build/hebi_a-2085-05_moveit_config/CMakeFiles/CMakeTmp

Run Build Command:"/usr/bin/make" "cmTC_9b68c/fast"
/usr/bin/make -f CMakeFiles/cmTC_9b68c.dir/build.make CMakeFiles/cmTC_9b68c.dir/build
make[1]: ingresso nella directory "/home/florian/Aigritec/Real_Hebi_Ros/catkin_ws/build/hebi_a-2085-05_moveit_config/CMakeFiles/CMakeTmp"
Building C object CMakeFiles/cmTC_9b68c.dir/CheckSymbolExists.c.o
/usr/bin/cc    -o CMakeFiles/cmTC_9b68c.dir/CheckSymbolExists.c.o   -c /home/florian/Aigritec/Real_Hebi_Ros/catkin_ws/build/hebi_a-2085-05_moveit_config/CMakeFiles/CMakeTmp/CheckSymbolExists.c
Linking C executable cmTC_9b68c
/usr/bin/cmake -E cmake_link_script CMakeFiles/cmTC_9b68c.dir/link.txt --verbose=1
/usr/bin/cc      -rdynamic CMakeFiles/cmTC_9b68c.dir/CheckSymbolExists.c.o  -o cmTC_9b68c 
CMakeFiles/cmTC_9b68c.dir/CheckSymbolExists.c.o: nella funzione "main":
CheckSymbolExists.c:(.text+0x1b): riferimento non definito a "pthread_create"
collect2: error: ld returned 1 exit status
CMakeFiles/cmTC_9b68c.dir/build.make:97: recipe for target 'cmTC_9b68c' failed
make[1]: *** [cmTC_9b68c] Error 1
make[1]: uscita dalla directory "/home/florian/Aigritec/Real_Hebi_Ros/catkin_ws/build/hebi_a-2085-05_moveit_config/CMakeFiles/CMakeTmp"
Makefile:126: recipe for target 'cmTC_9b68c/fast' failed
make: *** [cmTC_9b68c/fast] Error 2

File /home/florian/Aigritec/Real_Hebi_Ros/catkin_ws/build/hebi_a-2085-05_moveit_config/CMakeFiles/CMakeTmp/CheckSymbolExists.c:
/* */
#include <pthread.h>

int main(int argc, char** argv)
{
  (void)argv;
#ifndef pthread_create
  return ((int*)(&pthread_create))[argc];
#else
  (void)argc;
  return 0;
#endif
}

Determining if the function pthread_create exists in the pthreads failed with the following output:
Change Dir: /home/florian/Aigritec/Real_Hebi_Ros/catkin_ws/build/hebi_a-2085-05_moveit_config/CMakeFiles/CMakeTmp

Run Build Command:"/usr/bin/make" "cmTC_5894f/fast"
/usr/bin/make -f CMakeFiles/cmTC_5894f.dir/build.make CMakeFiles/cmTC_5894f.dir/build
make[1]: ingresso nella directory "/home/florian/Aigritec/Real_Hebi_Ros/catkin_ws/build/hebi_a-2085-05_moveit_config/CMakeFiles/CMakeTmp"
Building C object CMakeFiles/cmTC_5894f.dir/CheckFunctionExists.c.o
/usr/bin/cc   -DCHECK_FUNCTION_EXISTS=pthread_create   -o CMakeFiles/cmTC_5894f.dir/CheckFunctionExists.c.o   -c /usr/share/cmake-3.10/Modules/CheckFunctionExists.c
Linking C executable cmTC_5894f
/usr/bin/cmake -E cmake_link_script CMakeFiles/cmTC_5894f.dir/link.txt --verbose=1
/usr/bin/cc  -DCHECK_FUNCTION_EXISTS=pthread_create    -rdynamic CMakeFiles/cmTC_5894f.dir/CheckFunctionExists.c.o  -o cmTC_5894f -lpthreads 
/usr/bin/ld: impossibile trovare -lpthreads
collect2: error: ld returned 1 exit status
CMakeFiles/cmTC_5894f.dir/build.make:97: recipe for target 'cmTC_5894f' failed
make[1]: *** [cmTC_5894f] Error 1
make[1]: uscita dalla directory "/home/florian/Aigritec/Real_Hebi_Ros/catkin_ws/build/hebi_a-2085-05_moveit_config/CMakeFiles/CMakeTmp"
Makefile:126: recipe for target 'cmTC_5894f/fast' failed
make: *** [cmTC_5894f/fast] Error 2


