Symlinking /home/florian/Aigritec/Real_Hebi_Ros/catkin_ws/devel/lib/hebi_cpp_api_examples/arm_node
Symlinking /home/florian/Aigritec/Real_Hebi_Ros/catkin_ws/devel/lib/hebi_cpp_api_examples/mecanum_base_node
Symlinking /home/florian/Aigritec/Real_Hebi_Ros/catkin_ws/devel/lib/hebi_cpp_api_examples/diff_drive_node
Symlinking /home/florian/Aigritec/Real_Hebi_Ros/catkin_ws/devel/lib/hebi_cpp_api_examples/gains3.xml
Symlinking /home/florian/Aigritec/Real_Hebi_Ros/catkin_ws/devel/lib/hebi_cpp_api_examples/right.hrdf
Symlinking /home/florian/Aigritec/Real_Hebi_Ros/catkin_ws/devel/lib/hebi_cpp_api_examples/omni_base_controller_node
Symlinking /home/florian/Aigritec/Real_Hebi_Ros/catkin_ws/devel/lib/hebi_cpp_api_examples/rosie_teach_repeat_controller_node
Symlinking /home/florian/Aigritec/Real_Hebi_Ros/catkin_ws/devel/lib/hebi_cpp_api_examples/omni_base_node
Symlinking /home/florian/Aigritec/Real_Hebi_Ros/catkin_ws/devel/lib/hebi_cpp_api_examples/hexapod_control
Symlinking /home/florian/Aigritec/Real_Hebi_Ros/catkin_ws/devel/lib/hebi_cpp_api_examples/arm_teach_repeat_node
Symlinking /home/florian/Aigritec/Real_Hebi_Ros/catkin_ws/devel/lib/hebi_cpp_api_examples/arm_moveit_node
Symlinking /home/florian/Aigritec/Real_Hebi_Ros/catkin_ws/devel/lib/hebi_cpp_api_examples/group_node
Symlinking /home/florian/Aigritec/Real_Hebi_Ros/catkin_ws/devel/lib/hebi_cpp_api_examples/gripper_node
Symlinking /home/florian/Aigritec/Real_Hebi_Ros/catkin_ws/devel/lib/hebi_cpp_api_examples/gains18.xml
Symlinking /home/florian/Aigritec/Real_Hebi_Ros/catkin_ws/devel/lib/hebi_cpp_api_examples/gripper_moveit_node
Symlinking /home/florian/Aigritec/Real_Hebi_Ros/catkin_ws/devel/lib/hebi_cpp_api_examples/hexapod_controller
Symlinking /home/florian/Aigritec/Real_Hebi_Ros/catkin_ws/devel/lib/hebi_cpp_api_examples/left.hrdf
Symlinking /home/florian/Aigritec/Real_Hebi_Ros/catkin_ws/devel/lib/hebi_cpp_api_examples/hex_config.xml
Symlinking /home/florian/Aigritec/Real_Hebi_Ros/catkin_ws/devel/lib/python2.7/dist-packages/hebi_cpp_api_examples/__init__.py
Symlinking /home/florian/Aigritec/Real_Hebi_Ros/catkin_ws/devel/lib/python2.7/dist-packages/hebi_cpp_api_examples/srv/_SetFeedbackFrequency.py
Symlinking /home/florian/Aigritec/Real_Hebi_Ros/catkin_ws/devel/lib/python2.7/dist-packages/hebi_cpp_api_examples/srv/__init__.py
Symlinking /home/florian/Aigritec/Real_Hebi_Ros/catkin_ws/devel/lib/python2.7/dist-packages/hebi_cpp_api_examples/srv/_SetIKSeed.py
Symlinking /home/florian/Aigritec/Real_Hebi_Ros/catkin_ws/devel/lib/python2.7/dist-packages/hebi_cpp_api_examples/srv/_SetCommandLifetime.py
Symlinking /home/florian/Aigritec/Real_Hebi_Ros/catkin_ws/devel/lib/python2.7/dist-packages/hebi_cpp_api_examples/srv/_SetGains.py
Symlinking /home/florian/Aigritec/Real_Hebi_Ros/catkin_ws/devel/lib/python2.7/dist-packages/hebi_cpp_api_examples/msg/_ArmMotionResult.py
Symlinking /home/florian/Aigritec/Real_Hebi_Ros/catkin_ws/devel/lib/python2.7/dist-packages/hebi_cpp_api_examples/msg/_ArmMotionFeedback.py
Symlinking /home/florian/Aigritec/Real_Hebi_Ros/catkin_ws/devel/lib/python2.7/dist-packages/hebi_cpp_api_examples/msg/_BaseMotionAction.py
Symlinking /home/florian/Aigritec/Real_Hebi_Ros/catkin_ws/devel/lib/python2.7/dist-packages/hebi_cpp_api_examples/msg/_ArmMotionActionResult.py
Symlinking /home/florian/Aigritec/Real_Hebi_Ros/catkin_ws/devel/lib/python2.7/dist-packages/hebi_cpp_api_examples/msg/_ArmMotionActionGoal.py
Symlinking /home/florian/Aigritec/Real_Hebi_Ros/catkin_ws/devel/lib/python2.7/dist-packages/hebi_cpp_api_examples/msg/_EndPath.py
Symlinking /home/florian/Aigritec/Real_Hebi_Ros/catkin_ws/devel/lib/python2.7/dist-packages/hebi_cpp_api_examples/msg/_ArmMotionActionFeedback.py
Symlinking /home/florian/Aigritec/Real_Hebi_Ros/catkin_ws/devel/lib/python2.7/dist-packages/hebi_cpp_api_examples/msg/_Playback.py
Symlinking /home/florian/Aigritec/Real_Hebi_Ros/catkin_ws/devel/lib/python2.7/dist-packages/hebi_cpp_api_examples/msg/_ArmMotionGoal.py
Symlinking /home/florian/Aigritec/Real_Hebi_Ros/catkin_ws/devel/lib/python2.7/dist-packages/hebi_cpp_api_examples/msg/__init__.py
Symlinking /home/florian/Aigritec/Real_Hebi_Ros/catkin_ws/devel/lib/python2.7/dist-packages/hebi_cpp_api_examples/msg/_BaseMotionActionResult.py
Symlinking /home/florian/Aigritec/Real_Hebi_Ros/catkin_ws/devel/lib/python2.7/dist-packages/hebi_cpp_api_examples/msg/_OffsetPlayback.py
Symlinking /home/florian/Aigritec/Real_Hebi_Ros/catkin_ws/devel/lib/python2.7/dist-packages/hebi_cpp_api_examples/msg/_BaseMotionFeedback.py
Symlinking /home/florian/Aigritec/Real_Hebi_Ros/catkin_ws/devel/lib/python2.7/dist-packages/hebi_cpp_api_examples/msg/_ArmMotionAction.py
Symlinking /home/florian/Aigritec/Real_Hebi_Ros/catkin_ws/devel/lib/python2.7/dist-packages/hebi_cpp_api_examples/msg/_BaseMotionResult.py
Symlinking /home/florian/Aigritec/Real_Hebi_Ros/catkin_ws/devel/lib/python2.7/dist-packages/hebi_cpp_api_examples/msg/_SaveWaypoint.py
Symlinking /home/florian/Aigritec/Real_Hebi_Ros/catkin_ws/devel/lib/python2.7/dist-packages/hebi_cpp_api_examples/msg/_BaseMotionGoal.py
Symlinking /home/florian/Aigritec/Real_Hebi_Ros/catkin_ws/devel/lib/python2.7/dist-packages/hebi_cpp_api_examples/msg/_BaseMotionActionFeedback.py
Symlinking /home/florian/Aigritec/Real_Hebi_Ros/catkin_ws/devel/lib/python2.7/dist-packages/hebi_cpp_api_examples/msg/_BaseMotionActionGoal.py
Symlinking /home/florian/Aigritec/Real_Hebi_Ros/catkin_ws/devel/lib/python2.7/dist-packages/hebi_cpp_api_examples/msg/_TargetWaypoints.py
Symlinking /home/florian/Aigritec/Real_Hebi_Ros/catkin_ws/devel/lib/python2.7/dist-packages/hebi_cpp_api_examples/msg/_StartPath.py
Symlinking /home/florian/Aigritec/Real_Hebi_Ros/catkin_ws/devel/lib/pkgconfig/hebi_cpp_api_examples.pc
Symlinking /home/florian/Aigritec/Real_Hebi_Ros/catkin_ws/devel/share/hebi_cpp_api_examples/msg/BaseMotionResult.msg
Symlinking /home/florian/Aigritec/Real_Hebi_Ros/catkin_ws/devel/share/hebi_cpp_api_examples/msg/BaseMotionActionGoal.msg
Symlinking /home/florian/Aigritec/Real_Hebi_Ros/catkin_ws/devel/share/hebi_cpp_api_examples/msg/BaseMotionFeedback.msg
Symlinking /home/florian/Aigritec/Real_Hebi_Ros/catkin_ws/devel/share/hebi_cpp_api_examples/msg/ArmMotionActionResult.msg
Symlinking /home/florian/Aigritec/Real_Hebi_Ros/catkin_ws/devel/share/hebi_cpp_api_examples/msg/ArmMotionResult.msg
Symlinking /home/florian/Aigritec/Real_Hebi_Ros/catkin_ws/devel/share/hebi_cpp_api_examples/msg/BaseMotionGoal.msg
Symlinking /home/florian/Aigritec/Real_Hebi_Ros/catkin_ws/devel/share/hebi_cpp_api_examples/msg/BaseMotionActionResult.msg
Symlinking /home/florian/Aigritec/Real_Hebi_Ros/catkin_ws/devel/share/hebi_cpp_api_examples/msg/ArmMotionActionGoal.msg
Symlinking /home/florian/Aigritec/Real_Hebi_Ros/catkin_ws/devel/share/hebi_cpp_api_examples/msg/ArmMotionActionFeedback.msg
Symlinking /home/florian/Aigritec/Real_Hebi_Ros/catkin_ws/devel/share/hebi_cpp_api_examples/msg/ArmMotionFeedback.msg
Symlinking /home/florian/Aigritec/Real_Hebi_Ros/catkin_ws/devel/share/hebi_cpp_api_examples/msg/BaseMotionAction.msg
Symlinking /home/florian/Aigritec/Real_Hebi_Ros/catkin_ws/devel/share/hebi_cpp_api_examples/msg/ArmMotionAction.msg
Symlinking /home/florian/Aigritec/Real_Hebi_Ros/catkin_ws/devel/share/hebi_cpp_api_examples/msg/BaseMotionActionFeedback.msg
Symlinking /home/florian/Aigritec/Real_Hebi_Ros/catkin_ws/devel/share/hebi_cpp_api_examples/msg/ArmMotionGoal.msg
Symlinking /home/florian/Aigritec/Real_Hebi_Ros/catkin_ws/devel/share/hebi_cpp_api_examples/cmake/hebi_cpp_api_examplesConfig.cmake
Symlinking /home/florian/Aigritec/Real_Hebi_Ros/catkin_ws/devel/share/hebi_cpp_api_examples/cmake/hebi_cpp_api_examplesConfig-version.cmake
Symlinking /home/florian/Aigritec/Real_Hebi_Ros/catkin_ws/devel/share/hebi_cpp_api_examples/cmake/hebi_cpp_api_examples-msg-paths.cmake
Symlinking /home/florian/Aigritec/Real_Hebi_Ros/catkin_ws/devel/share/hebi_cpp_api_examples/cmake/hebi_cpp_api_examples-msg-extras.cmake
Symlinking /home/florian/Aigritec/Real_Hebi_Ros/catkin_ws/devel/share/roseus/ros/hebi_cpp_api_examples/manifest.l
Symlinking /home/florian/Aigritec/Real_Hebi_Ros/catkin_ws/devel/share/roseus/ros/hebi_cpp_api_examples/srv/SetCommandLifetime.l
Symlinking /home/florian/Aigritec/Real_Hebi_Ros/catkin_ws/devel/share/roseus/ros/hebi_cpp_api_examples/srv/SetGains.l
Symlinking /home/florian/Aigritec/Real_Hebi_Ros/catkin_ws/devel/share/roseus/ros/hebi_cpp_api_examples/srv/SetFeedbackFrequency.l
Symlinking /home/florian/Aigritec/Real_Hebi_Ros/catkin_ws/devel/share/roseus/ros/hebi_cpp_api_examples/srv/SetIKSeed.l
Symlinking /home/florian/Aigritec/Real_Hebi_Ros/catkin_ws/devel/share/roseus/ros/hebi_cpp_api_examples/msg/ArmMotionActionGoal.l
Symlinking /home/florian/Aigritec/Real_Hebi_Ros/catkin_ws/devel/share/roseus/ros/hebi_cpp_api_examples/msg/BaseMotionActionResult.l
Symlinking /home/florian/Aigritec/Real_Hebi_Ros/catkin_ws/devel/share/roseus/ros/hebi_cpp_api_examples/msg/BaseMotionActionGoal.l
Symlinking /home/florian/Aigritec/Real_Hebi_Ros/catkin_ws/devel/share/roseus/ros/hebi_cpp_api_examples/msg/TargetWaypoints.l
Symlinking /home/florian/Aigritec/Real_Hebi_Ros/catkin_ws/devel/share/roseus/ros/hebi_cpp_api_examples/msg/Playback.l
Symlinking /home/florian/Aigritec/Real_Hebi_Ros/catkin_ws/devel/share/roseus/ros/hebi_cpp_api_examples/msg/BaseMotionAction.l
Symlinking /home/florian/Aigritec/Real_Hebi_Ros/catkin_ws/devel/share/roseus/ros/hebi_cpp_api_examples/msg/ArmMotionResult.l
Symlinking /home/florian/Aigritec/Real_Hebi_Ros/catkin_ws/devel/share/roseus/ros/hebi_cpp_api_examples/msg/SaveWaypoint.l
Symlinking /home/florian/Aigritec/Real_Hebi_Ros/catkin_ws/devel/share/roseus/ros/hebi_cpp_api_examples/msg/BaseMotionGoal.l
Symlinking /home/florian/Aigritec/Real_Hebi_Ros/catkin_ws/devel/share/roseus/ros/hebi_cpp_api_examples/msg/OffsetPlayback.l
Symlinking /home/florian/Aigritec/Real_Hebi_Ros/catkin_ws/devel/share/roseus/ros/hebi_cpp_api_examples/msg/BaseMotionResult.l
Symlinking /home/florian/Aigritec/Real_Hebi_Ros/catkin_ws/devel/share/roseus/ros/hebi_cpp_api_examples/msg/ArmMotionFeedback.l
Symlinking /home/florian/Aigritec/Real_Hebi_Ros/catkin_ws/devel/share/roseus/ros/hebi_cpp_api_examples/msg/EndPath.l
Symlinking /home/florian/Aigritec/Real_Hebi_Ros/catkin_ws/devel/share/roseus/ros/hebi_cpp_api_examples/msg/BaseMotionFeedback.l
Symlinking /home/florian/Aigritec/Real_Hebi_Ros/catkin_ws/devel/share/roseus/ros/hebi_cpp_api_examples/msg/ArmMotionGoal.l
Symlinking /home/florian/Aigritec/Real_Hebi_Ros/catkin_ws/devel/share/roseus/ros/hebi_cpp_api_examples/msg/ArmMotionActionFeedback.l
Symlinking /home/florian/Aigritec/Real_Hebi_Ros/catkin_ws/devel/share/roseus/ros/hebi_cpp_api_examples/msg/StartPath.l
Symlinking /home/florian/Aigritec/Real_Hebi_Ros/catkin_ws/devel/share/roseus/ros/hebi_cpp_api_examples/msg/BaseMotionActionFeedback.l
Symlinking /home/florian/Aigritec/Real_Hebi_Ros/catkin_ws/devel/share/roseus/ros/hebi_cpp_api_examples/msg/ArmMotionActionResult.l
Symlinking /home/florian/Aigritec/Real_Hebi_Ros/catkin_ws/devel/share/roseus/ros/hebi_cpp_api_examples/msg/ArmMotionAction.l
Symlinking /home/florian/Aigritec/Real_Hebi_Ros/catkin_ws/devel/share/gennodejs/ros/hebi_cpp_api_examples/_index.js
Symlinking /home/florian/Aigritec/Real_Hebi_Ros/catkin_ws/devel/share/gennodejs/ros/hebi_cpp_api_examples/srv/SetGains.js
Symlinking /home/florian/Aigritec/Real_Hebi_Ros/catkin_ws/devel/share/gennodejs/ros/hebi_cpp_api_examples/srv/_index.js
Symlinking /home/florian/Aigritec/Real_Hebi_Ros/catkin_ws/devel/share/gennodejs/ros/hebi_cpp_api_examples/srv/SetFeedbackFrequency.js
Symlinking /home/florian/Aigritec/Real_Hebi_Ros/catkin_ws/devel/share/gennodejs/ros/hebi_cpp_api_examples/srv/SetIKSeed.js
Symlinking /home/florian/Aigritec/Real_Hebi_Ros/catkin_ws/devel/share/gennodejs/ros/hebi_cpp_api_examples/srv/SetCommandLifetime.js
Symlinking /home/florian/Aigritec/Real_Hebi_Ros/catkin_ws/devel/share/gennodejs/ros/hebi_cpp_api_examples/msg/BaseMotionAction.js
Symlinking /home/florian/Aigritec/Real_Hebi_Ros/catkin_ws/devel/share/gennodejs/ros/hebi_cpp_api_examples/msg/BaseMotionGoal.js
Symlinking /home/florian/Aigritec/Real_Hebi_Ros/catkin_ws/devel/share/gennodejs/ros/hebi_cpp_api_examples/msg/BaseMotionActionGoal.js
Symlinking /home/florian/Aigritec/Real_Hebi_Ros/catkin_ws/devel/share/gennodejs/ros/hebi_cpp_api_examples/msg/EndPath.js
Symlinking /home/florian/Aigritec/Real_Hebi_Ros/catkin_ws/devel/share/gennodejs/ros/hebi_cpp_api_examples/msg/ArmMotionGoal.js
Symlinking /home/florian/Aigritec/Real_Hebi_Ros/catkin_ws/devel/share/gennodejs/ros/hebi_cpp_api_examples/msg/_index.js
Symlinking /home/florian/Aigritec/Real_Hebi_Ros/catkin_ws/devel/share/gennodejs/ros/hebi_cpp_api_examples/msg/ArmMotionActionGoal.js
Symlinking /home/florian/Aigritec/Real_Hebi_Ros/catkin_ws/devel/share/gennodejs/ros/hebi_cpp_api_examples/msg/SaveWaypoint.js
Symlinking /home/florian/Aigritec/Real_Hebi_Ros/catkin_ws/devel/share/gennodejs/ros/hebi_cpp_api_examples/msg/ArmMotionActionFeedback.js
Symlinking /home/florian/Aigritec/Real_Hebi_Ros/catkin_ws/devel/share/gennodejs/ros/hebi_cpp_api_examples/msg/StartPath.js
Symlinking /home/florian/Aigritec/Real_Hebi_Ros/catkin_ws/devel/share/gennodejs/ros/hebi_cpp_api_examples/msg/TargetWaypoints.js
Symlinking /home/florian/Aigritec/Real_Hebi_Ros/catkin_ws/devel/share/gennodejs/ros/hebi_cpp_api_examples/msg/BaseMotionResult.js
Symlinking /home/florian/Aigritec/Real_Hebi_Ros/catkin_ws/devel/share/gennodejs/ros/hebi_cpp_api_examples/msg/BaseMotionActionFeedback.js
Symlinking /home/florian/Aigritec/Real_Hebi_Ros/catkin_ws/devel/share/gennodejs/ros/hebi_cpp_api_examples/msg/ArmMotionFeedback.js
Symlinking /home/florian/Aigritec/Real_Hebi_Ros/catkin_ws/devel/share/gennodejs/ros/hebi_cpp_api_examples/msg/Playback.js
Symlinking /home/florian/Aigritec/Real_Hebi_Ros/catkin_ws/devel/share/gennodejs/ros/hebi_cpp_api_examples/msg/OffsetPlayback.js
Symlinking /home/florian/Aigritec/Real_Hebi_Ros/catkin_ws/devel/share/gennodejs/ros/hebi_cpp_api_examples/msg/ArmMotionResult.js
Symlinking /home/florian/Aigritec/Real_Hebi_Ros/catkin_ws/devel/share/gennodejs/ros/hebi_cpp_api_examples/msg/ArmMotionAction.js
Symlinking /home/florian/Aigritec/Real_Hebi_Ros/catkin_ws/devel/share/gennodejs/ros/hebi_cpp_api_examples/msg/BaseMotionActionResult.js
Symlinking /home/florian/Aigritec/Real_Hebi_Ros/catkin_ws/devel/share/gennodejs/ros/hebi_cpp_api_examples/msg/ArmMotionActionResult.js
Symlinking /home/florian/Aigritec/Real_Hebi_Ros/catkin_ws/devel/share/gennodejs/ros/hebi_cpp_api_examples/msg/BaseMotionFeedback.js
Symlinking /home/florian/Aigritec/Real_Hebi_Ros/catkin_ws/devel/share/common-lisp/ros/hebi_cpp_api_examples/srv/SetGains.lisp
Symlinking /home/florian/Aigritec/Real_Hebi_Ros/catkin_ws/devel/share/common-lisp/ros/hebi_cpp_api_examples/srv/_package.lisp
Symlinking /home/florian/Aigritec/Real_Hebi_Ros/catkin_ws/devel/share/common-lisp/ros/hebi_cpp_api_examples/srv/_package_SetIKSeed.lisp
Symlinking /home/florian/Aigritec/Real_Hebi_Ros/catkin_ws/devel/share/common-lisp/ros/hebi_cpp_api_examples/srv/_package_SetFeedbackFrequency.lisp
Symlinking /home/florian/Aigritec/Real_Hebi_Ros/catkin_ws/devel/share/common-lisp/ros/hebi_cpp_api_examples/srv/SetFeedbackFrequency.lisp
Symlinking /home/florian/Aigritec/Real_Hebi_Ros/catkin_ws/devel/share/common-lisp/ros/hebi_cpp_api_examples/srv/_package_SetCommandLifetime.lisp
Symlinking /home/florian/Aigritec/Real_Hebi_Ros/catkin_ws/devel/share/common-lisp/ros/hebi_cpp_api_examples/srv/SetIKSeed.lisp
Symlinking /home/florian/Aigritec/Real_Hebi_Ros/catkin_ws/devel/share/common-lisp/ros/hebi_cpp_api_examples/srv/_package_SetGains.lisp
Symlinking /home/florian/Aigritec/Real_Hebi_Ros/catkin_ws/devel/share/common-lisp/ros/hebi_cpp_api_examples/srv/hebi_cpp_api_examples-srv.asd
Symlinking /home/florian/Aigritec/Real_Hebi_Ros/catkin_ws/devel/share/common-lisp/ros/hebi_cpp_api_examples/srv/SetCommandLifetime.lisp
Symlinking /home/florian/Aigritec/Real_Hebi_Ros/catkin_ws/devel/share/common-lisp/ros/hebi_cpp_api_examples/msg/SaveWaypoint.lisp
Symlinking /home/florian/Aigritec/Real_Hebi_Ros/catkin_ws/devel/share/common-lisp/ros/hebi_cpp_api_examples/msg/_package_EndPath.lisp
Symlinking /home/florian/Aigritec/Real_Hebi_Ros/catkin_ws/devel/share/common-lisp/ros/hebi_cpp_api_examples/msg/_package_ArmMotionResult.lisp
Symlinking /home/florian/Aigritec/Real_Hebi_Ros/catkin_ws/devel/share/common-lisp/ros/hebi_cpp_api_examples/msg/_package_BaseMotionAction.lisp
Symlinking /home/florian/Aigritec/Real_Hebi_Ros/catkin_ws/devel/share/common-lisp/ros/hebi_cpp_api_examples/msg/_package_ArmMotionActionGoal.lisp
Symlinking /home/florian/Aigritec/Real_Hebi_Ros/catkin_ws/devel/share/common-lisp/ros/hebi_cpp_api_examples/msg/ArmMotionFeedback.lisp
Symlinking /home/florian/Aigritec/Real_Hebi_Ros/catkin_ws/devel/share/common-lisp/ros/hebi_cpp_api_examples/msg/_package_TargetWaypoints.lisp
Symlinking /home/florian/Aigritec/Real_Hebi_Ros/catkin_ws/devel/share/common-lisp/ros/hebi_cpp_api_examples/msg/BaseMotionActionResult.lisp
Symlinking /home/florian/Aigritec/Real_Hebi_Ros/catkin_ws/devel/share/common-lisp/ros/hebi_cpp_api_examples/msg/_package.lisp
Symlinking /home/florian/Aigritec/Real_Hebi_Ros/catkin_ws/devel/share/common-lisp/ros/hebi_cpp_api_examples/msg/hebi_cpp_api_examples-msg.asd
Symlinking /home/florian/Aigritec/Real_Hebi_Ros/catkin_ws/devel/share/common-lisp/ros/hebi_cpp_api_examples/msg/TargetWaypoints.lisp
Symlinking /home/florian/Aigritec/Real_Hebi_Ros/catkin_ws/devel/share/common-lisp/ros/hebi_cpp_api_examples/msg/OffsetPlayback.lisp
Symlinking /home/florian/Aigritec/Real_Hebi_Ros/catkin_ws/devel/share/common-lisp/ros/hebi_cpp_api_examples/msg/_package_SaveWaypoint.lisp
Symlinking /home/florian/Aigritec/Real_Hebi_Ros/catkin_ws/devel/share/common-lisp/ros/hebi_cpp_api_examples/msg/BaseMotionAction.lisp
Symlinking /home/florian/Aigritec/Real_Hebi_Ros/catkin_ws/devel/share/common-lisp/ros/hebi_cpp_api_examples/msg/EndPath.lisp
Symlinking /home/florian/Aigritec/Real_Hebi_Ros/catkin_ws/devel/share/common-lisp/ros/hebi_cpp_api_examples/msg/BaseMotionActionGoal.lisp
Symlinking /home/florian/Aigritec/Real_Hebi_Ros/catkin_ws/devel/share/common-lisp/ros/hebi_cpp_api_examples/msg/ArmMotionActionGoal.lisp
Symlinking /home/florian/Aigritec/Real_Hebi_Ros/catkin_ws/devel/share/common-lisp/ros/hebi_cpp_api_examples/msg/BaseMotionFeedback.lisp
Symlinking /home/florian/Aigritec/Real_Hebi_Ros/catkin_ws/devel/share/common-lisp/ros/hebi_cpp_api_examples/msg/Playback.lisp
Symlinking /home/florian/Aigritec/Real_Hebi_Ros/catkin_ws/devel/share/common-lisp/ros/hebi_cpp_api_examples/msg/_package_BaseMotionActionFeedback.lisp
Symlinking /home/florian/Aigritec/Real_Hebi_Ros/catkin_ws/devel/share/common-lisp/ros/hebi_cpp_api_examples/msg/_package_ArmMotionGoal.lisp
Symlinking /home/florian/Aigritec/Real_Hebi_Ros/catkin_ws/devel/share/common-lisp/ros/hebi_cpp_api_examples/msg/ArmMotionAction.lisp
Symlinking /home/florian/Aigritec/Real_Hebi_Ros/catkin_ws/devel/share/common-lisp/ros/hebi_cpp_api_examples/msg/ArmMotionGoal.lisp
Symlinking /home/florian/Aigritec/Real_Hebi_Ros/catkin_ws/devel/share/common-lisp/ros/hebi_cpp_api_examples/msg/_package_BaseMotionResult.lisp
Symlinking /home/florian/Aigritec/Real_Hebi_Ros/catkin_ws/devel/share/common-lisp/ros/hebi_cpp_api_examples/msg/BaseMotionGoal.lisp
Symlinking /home/florian/Aigritec/Real_Hebi_Ros/catkin_ws/devel/share/common-lisp/ros/hebi_cpp_api_examples/msg/_package_ArmMotionActionResult.lisp
Symlinking /home/florian/Aigritec/Real_Hebi_Ros/catkin_ws/devel/share/common-lisp/ros/hebi_cpp_api_examples/msg/_package_ArmMotionFeedback.lisp
Symlinking /home/florian/Aigritec/Real_Hebi_Ros/catkin_ws/devel/share/common-lisp/ros/hebi_cpp_api_examples/msg/_package_BaseMotionGoal.lisp
Symlinking /home/florian/Aigritec/Real_Hebi_Ros/catkin_ws/devel/share/common-lisp/ros/hebi_cpp_api_examples/msg/BaseMotionActionFeedback.lisp
Symlinking /home/florian/Aigritec/Real_Hebi_Ros/catkin_ws/devel/share/common-lisp/ros/hebi_cpp_api_examples/msg/_package_ArmMotionActionFeedback.lisp
Symlinking /home/florian/Aigritec/Real_Hebi_Ros/catkin_ws/devel/share/common-lisp/ros/hebi_cpp_api_examples/msg/_package_StartPath.lisp
Symlinking /home/florian/Aigritec/Real_Hebi_Ros/catkin_ws/devel/share/common-lisp/ros/hebi_cpp_api_examples/msg/_package_ArmMotionAction.lisp
Symlinking /home/florian/Aigritec/Real_Hebi_Ros/catkin_ws/devel/share/common-lisp/ros/hebi_cpp_api_examples/msg/_package_BaseMotionActionGoal.lisp
Symlinking /home/florian/Aigritec/Real_Hebi_Ros/catkin_ws/devel/share/common-lisp/ros/hebi_cpp_api_examples/msg/StartPath.lisp
Symlinking /home/florian/Aigritec/Real_Hebi_Ros/catkin_ws/devel/share/common-lisp/ros/hebi_cpp_api_examples/msg/ArmMotionResult.lisp
Symlinking /home/florian/Aigritec/Real_Hebi_Ros/catkin_ws/devel/share/common-lisp/ros/hebi_cpp_api_examples/msg/_package_BaseMotionFeedback.lisp
Symlinking /home/florian/Aigritec/Real_Hebi_Ros/catkin_ws/devel/share/common-lisp/ros/hebi_cpp_api_examples/msg/_package_OffsetPlayback.lisp
Symlinking /home/florian/Aigritec/Real_Hebi_Ros/catkin_ws/devel/share/common-lisp/ros/hebi_cpp_api_examples/msg/_package_BaseMotionActionResult.lisp
Symlinking /home/florian/Aigritec/Real_Hebi_Ros/catkin_ws/devel/share/common-lisp/ros/hebi_cpp_api_examples/msg/ArmMotionActionResult.lisp
Symlinking /home/florian/Aigritec/Real_Hebi_Ros/catkin_ws/devel/share/common-lisp/ros/hebi_cpp_api_examples/msg/BaseMotionResult.lisp
Symlinking /home/florian/Aigritec/Real_Hebi_Ros/catkin_ws/devel/share/common-lisp/ros/hebi_cpp_api_examples/msg/ArmMotionActionFeedback.lisp
Symlinking /home/florian/Aigritec/Real_Hebi_Ros/catkin_ws/devel/share/common-lisp/ros/hebi_cpp_api_examples/msg/_package_Playback.lisp
Symlinking /home/florian/Aigritec/Real_Hebi_Ros/catkin_ws/devel/include/hebi_cpp_api_examples/BaseMotionFeedback.h
Symlinking /home/florian/Aigritec/Real_Hebi_Ros/catkin_ws/devel/include/hebi_cpp_api_examples/ArmMotionGoal.h
Symlinking /home/florian/Aigritec/Real_Hebi_Ros/catkin_ws/devel/include/hebi_cpp_api_examples/SetCommandLifetime.h
Symlinking /home/florian/Aigritec/Real_Hebi_Ros/catkin_ws/devel/include/hebi_cpp_api_examples/ArmMotionActionFeedback.h
Symlinking /home/florian/Aigritec/Real_Hebi_Ros/catkin_ws/devel/include/hebi_cpp_api_examples/ArmMotionResult.h
Symlinking /home/florian/Aigritec/Real_Hebi_Ros/catkin_ws/devel/include/hebi_cpp_api_examples/SetIKSeed.h
Symlinking /home/florian/Aigritec/Real_Hebi_Ros/catkin_ws/devel/include/hebi_cpp_api_examples/SetIKSeedRequest.h
Symlinking /home/florian/Aigritec/Real_Hebi_Ros/catkin_ws/devel/include/hebi_cpp_api_examples/BaseMotionActionResult.h
Symlinking /home/florian/Aigritec/Real_Hebi_Ros/catkin_ws/devel/include/hebi_cpp_api_examples/SaveWaypoint.h
Symlinking /home/florian/Aigritec/Real_Hebi_Ros/catkin_ws/devel/include/hebi_cpp_api_examples/BaseMotionActionFeedback.h
Symlinking /home/florian/Aigritec/Real_Hebi_Ros/catkin_ws/devel/include/hebi_cpp_api_examples/ArmMotionFeedback.h
Symlinking /home/florian/Aigritec/Real_Hebi_Ros/catkin_ws/devel/include/hebi_cpp_api_examples/SetGainsResponse.h
Symlinking /home/florian/Aigritec/Real_Hebi_Ros/catkin_ws/devel/include/hebi_cpp_api_examples/TargetWaypoints.h
Symlinking /home/florian/Aigritec/Real_Hebi_Ros/catkin_ws/devel/include/hebi_cpp_api_examples/ArmMotionAction.h
Symlinking /home/florian/Aigritec/Real_Hebi_Ros/catkin_ws/devel/include/hebi_cpp_api_examples/StartPath.h
Symlinking /home/florian/Aigritec/Real_Hebi_Ros/catkin_ws/devel/include/hebi_cpp_api_examples/BaseMotionResult.h
Symlinking /home/florian/Aigritec/Real_Hebi_Ros/catkin_ws/devel/include/hebi_cpp_api_examples/BaseMotionGoal.h
Symlinking /home/florian/Aigritec/Real_Hebi_Ros/catkin_ws/devel/include/hebi_cpp_api_examples/SetFeedbackFrequencyRequest.h
Symlinking /home/florian/Aigritec/Real_Hebi_Ros/catkin_ws/devel/include/hebi_cpp_api_examples/EndPath.h
Symlinking /home/florian/Aigritec/Real_Hebi_Ros/catkin_ws/devel/include/hebi_cpp_api_examples/OffsetPlayback.h
Symlinking /home/florian/Aigritec/Real_Hebi_Ros/catkin_ws/devel/include/hebi_cpp_api_examples/SetCommandLifetimeRequest.h
Symlinking /home/florian/Aigritec/Real_Hebi_Ros/catkin_ws/devel/include/hebi_cpp_api_examples/ArmMotionActionResult.h
Symlinking /home/florian/Aigritec/Real_Hebi_Ros/catkin_ws/devel/include/hebi_cpp_api_examples/BaseMotionAction.h
Symlinking /home/florian/Aigritec/Real_Hebi_Ros/catkin_ws/devel/include/hebi_cpp_api_examples/Playback.h
Symlinking /home/florian/Aigritec/Real_Hebi_Ros/catkin_ws/devel/include/hebi_cpp_api_examples/ArmMotionActionGoal.h
Symlinking /home/florian/Aigritec/Real_Hebi_Ros/catkin_ws/devel/include/hebi_cpp_api_examples/SetCommandLifetimeResponse.h
Symlinking /home/florian/Aigritec/Real_Hebi_Ros/catkin_ws/devel/include/hebi_cpp_api_examples/SetIKSeedResponse.h
Symlinking /home/florian/Aigritec/Real_Hebi_Ros/catkin_ws/devel/include/hebi_cpp_api_examples/SetGains.h
Symlinking /home/florian/Aigritec/Real_Hebi_Ros/catkin_ws/devel/include/hebi_cpp_api_examples/SetFeedbackFrequency.h
Symlinking /home/florian/Aigritec/Real_Hebi_Ros/catkin_ws/devel/include/hebi_cpp_api_examples/SetGainsRequest.h
Symlinking /home/florian/Aigritec/Real_Hebi_Ros/catkin_ws/devel/include/hebi_cpp_api_examples/BaseMotionActionGoal.h
Symlinking /home/florian/Aigritec/Real_Hebi_Ros/catkin_ws/devel/include/hebi_cpp_api_examples/SetFeedbackFrequencyResponse.h
