Determining if the pthread_create exist failed with the following output:
Change Dir: /home/florian/Aigritec/Real_Hebi_Ros/catkin_ws/build/hebi_gazebo/CMakeFiles/CMakeTmp

Run Build Command:"/usr/bin/make" "cmTC_ac36f/fast"
/usr/bin/make -f CMakeFiles/cmTC_ac36f.dir/build.make CMakeFiles/cmTC_ac36f.dir/build
make[1]: ingresso nella directory "/home/florian/Aigritec/Real_Hebi_Ros/catkin_ws/build/hebi_gazebo/CMakeFiles/CMakeTmp"
Building C object CMakeFiles/cmTC_ac36f.dir/CheckSymbolExists.c.o
/usr/bin/cc    -o CMakeFiles/cmTC_ac36f.dir/CheckSymbolExists.c.o   -c /home/florian/Aigritec/Real_Hebi_Ros/catkin_ws/build/hebi_gazebo/CMakeFiles/CMakeTmp/CheckSymbolExists.c
Linking C executable cmTC_ac36f
/usr/bin/cmake -E cmake_link_script CMakeFiles/cmTC_ac36f.dir/link.txt --verbose=1
/usr/bin/cc      -rdynamic CMakeFiles/cmTC_ac36f.dir/CheckSymbolExists.c.o  -o cmTC_ac36f 
CMakeFiles/cmTC_ac36f.dir/CheckSymbolExists.c.o: nella funzione "main":
CheckSymbolExists.c:(.text+0x1b): riferimento non definito a "pthread_create"
collect2: error: ld returned 1 exit status
CMakeFiles/cmTC_ac36f.dir/build.make:97: recipe for target 'cmTC_ac36f' failed
make[1]: *** [cmTC_ac36f] Error 1
make[1]: uscita dalla directory "/home/florian/Aigritec/Real_Hebi_Ros/catkin_ws/build/hebi_gazebo/CMakeFiles/CMakeTmp"
Makefile:126: recipe for target 'cmTC_ac36f/fast' failed
make: *** [cmTC_ac36f/fast] Error 2

File /home/florian/Aigritec/Real_Hebi_Ros/catkin_ws/build/hebi_gazebo/CMakeFiles/CMakeTmp/CheckSymbolExists.c:
/* */
#include <pthread.h>

int main(int argc, char** argv)
{
  (void)argv;
#ifndef pthread_create
  return ((int*)(&pthread_create))[argc];
#else
  (void)argc;
  return 0;
#endif
}

Determining if the function pthread_create exists in the pthreads failed with the following output:
Change Dir: /home/florian/Aigritec/Real_Hebi_Ros/catkin_ws/build/hebi_gazebo/CMakeFiles/CMakeTmp

Run Build Command:"/usr/bin/make" "cmTC_c522e/fast"
/usr/bin/make -f CMakeFiles/cmTC_c522e.dir/build.make CMakeFiles/cmTC_c522e.dir/build
make[1]: ingresso nella directory "/home/florian/Aigritec/Real_Hebi_Ros/catkin_ws/build/hebi_gazebo/CMakeFiles/CMakeTmp"
Building C object CMakeFiles/cmTC_c522e.dir/CheckFunctionExists.c.o
/usr/bin/cc   -DCHECK_FUNCTION_EXISTS=pthread_create   -o CMakeFiles/cmTC_c522e.dir/CheckFunctionExists.c.o   -c /usr/share/cmake-3.10/Modules/CheckFunctionExists.c
Linking C executable cmTC_c522e
/usr/bin/cmake -E cmake_link_script CMakeFiles/cmTC_c522e.dir/link.txt --verbose=1
/usr/bin/cc  -DCHECK_FUNCTION_EXISTS=pthread_create    -rdynamic CMakeFiles/cmTC_c522e.dir/CheckFunctionExists.c.o  -o cmTC_c522e -lpthreads 
/usr/bin/ld: impossibile trovare -lpthreads
collect2: error: ld returned 1 exit status
CMakeFiles/cmTC_c522e.dir/build.make:97: recipe for target 'cmTC_c522e' failed
make[1]: *** [cmTC_c522e] Error 1
make[1]: uscita dalla directory "/home/florian/Aigritec/Real_Hebi_Ros/catkin_ws/build/hebi_gazebo/CMakeFiles/CMakeTmp"
Makefile:126: recipe for target 'cmTC_c522e/fast' failed
make: *** [cmTC_c522e/fast] Error 2


