Determining if the pthread_create exist failed with the following output:
Change Dir: /home/florian/Aigritec/Real_Hebi_Ros/catkin_ws/build/catkin_tools_prebuild/CMakeFiles/CMakeTmp

Run Build Command:"/usr/bin/make" "cmTC_afe38/fast"
/usr/bin/make -f CMakeFiles/cmTC_afe38.dir/build.make CMakeFiles/cmTC_afe38.dir/build
make[1]: ingresso nella directory "/home/florian/Aigritec/Real_Hebi_Ros/catkin_ws/build/catkin_tools_prebuild/CMakeFiles/CMakeTmp"
Building C object CMakeFiles/cmTC_afe38.dir/CheckSymbolExists.c.o
/usr/bin/cc    -o CMakeFiles/cmTC_afe38.dir/CheckSymbolExists.c.o   -c /home/florian/Aigritec/Real_Hebi_Ros/catkin_ws/build/catkin_tools_prebuild/CMakeFiles/CMakeTmp/CheckSymbolExists.c
Linking C executable cmTC_afe38
/usr/bin/cmake -E cmake_link_script CMakeFiles/cmTC_afe38.dir/link.txt --verbose=1
/usr/bin/cc      -rdynamic CMakeFiles/cmTC_afe38.dir/CheckSymbolExists.c.o  -o cmTC_afe38 
CMakeFiles/cmTC_afe38.dir/CheckSymbolExists.c.o: nella funzione "main":
CheckSymbolExists.c:(.text+0x1b): riferimento non definito a "pthread_create"
collect2: error: ld returned 1 exit status
CMakeFiles/cmTC_afe38.dir/build.make:97: recipe for target 'cmTC_afe38' failed
make[1]: *** [cmTC_afe38] Error 1
make[1]: uscita dalla directory "/home/florian/Aigritec/Real_Hebi_Ros/catkin_ws/build/catkin_tools_prebuild/CMakeFiles/CMakeTmp"
Makefile:126: recipe for target 'cmTC_afe38/fast' failed
make: *** [cmTC_afe38/fast] Error 2

File /home/florian/Aigritec/Real_Hebi_Ros/catkin_ws/build/catkin_tools_prebuild/CMakeFiles/CMakeTmp/CheckSymbolExists.c:
/* */
#include <pthread.h>

int main(int argc, char** argv)
{
  (void)argv;
#ifndef pthread_create
  return ((int*)(&pthread_create))[argc];
#else
  (void)argc;
  return 0;
#endif
}

Determining if the function pthread_create exists in the pthreads failed with the following output:
Change Dir: /home/florian/Aigritec/Real_Hebi_Ros/catkin_ws/build/catkin_tools_prebuild/CMakeFiles/CMakeTmp

Run Build Command:"/usr/bin/make" "cmTC_32cf1/fast"
/usr/bin/make -f CMakeFiles/cmTC_32cf1.dir/build.make CMakeFiles/cmTC_32cf1.dir/build
make[1]: ingresso nella directory "/home/florian/Aigritec/Real_Hebi_Ros/catkin_ws/build/catkin_tools_prebuild/CMakeFiles/CMakeTmp"
Building C object CMakeFiles/cmTC_32cf1.dir/CheckFunctionExists.c.o
/usr/bin/cc   -DCHECK_FUNCTION_EXISTS=pthread_create   -o CMakeFiles/cmTC_32cf1.dir/CheckFunctionExists.c.o   -c /usr/share/cmake-3.10/Modules/CheckFunctionExists.c
Linking C executable cmTC_32cf1
/usr/bin/cmake -E cmake_link_script CMakeFiles/cmTC_32cf1.dir/link.txt --verbose=1
/usr/bin/cc  -DCHECK_FUNCTION_EXISTS=pthread_create    -rdynamic CMakeFiles/cmTC_32cf1.dir/CheckFunctionExists.c.o  -o cmTC_32cf1 -lpthreads 
/usr/bin/ld: impossibile trovare -lpthreads
collect2: error: ld returned 1 exit status
CMakeFiles/cmTC_32cf1.dir/build.make:97: recipe for target 'cmTC_32cf1' failed
make[1]: *** [cmTC_32cf1] Error 1
make[1]: uscita dalla directory "/home/florian/Aigritec/Real_Hebi_Ros/catkin_ws/build/catkin_tools_prebuild/CMakeFiles/CMakeTmp"
Makefile:126: recipe for target 'cmTC_32cf1/fast' failed
make: *** [cmTC_32cf1/fast] Error 2


