Determining if the pthread_create exist failed with the following output:
Change Dir: /home/florian/Aigritec/Real_Hebi_Ros/catkin_ws/build/hebi_a-2084-01_moveit_config/CMakeFiles/CMakeTmp

Run Build Command:"/usr/bin/make" "cmTC_71881/fast"
/usr/bin/make -f CMakeFiles/cmTC_71881.dir/build.make CMakeFiles/cmTC_71881.dir/build
make[1]: ingresso nella directory "/home/florian/Aigritec/Real_Hebi_Ros/catkin_ws/build/hebi_a-2084-01_moveit_config/CMakeFiles/CMakeTmp"
Building C object CMakeFiles/cmTC_71881.dir/CheckSymbolExists.c.o
/usr/bin/cc    -o CMakeFiles/cmTC_71881.dir/CheckSymbolExists.c.o   -c /home/florian/Aigritec/Real_Hebi_Ros/catkin_ws/build/hebi_a-2084-01_moveit_config/CMakeFiles/CMakeTmp/CheckSymbolExists.c
Linking C executable cmTC_71881
/usr/bin/cmake -E cmake_link_script CMakeFiles/cmTC_71881.dir/link.txt --verbose=1
/usr/bin/cc      -rdynamic CMakeFiles/cmTC_71881.dir/CheckSymbolExists.c.o  -o cmTC_71881 
CMakeFiles/cmTC_71881.dir/CheckSymbolExists.c.o: nella funzione "main":
CheckSymbolExists.c:(.text+0x1b): riferimento non definito a "pthread_create"
collect2: error: ld returned 1 exit status
CMakeFiles/cmTC_71881.dir/build.make:97: recipe for target 'cmTC_71881' failed
make[1]: *** [cmTC_71881] Error 1
make[1]: uscita dalla directory "/home/florian/Aigritec/Real_Hebi_Ros/catkin_ws/build/hebi_a-2084-01_moveit_config/CMakeFiles/CMakeTmp"
Makefile:126: recipe for target 'cmTC_71881/fast' failed
make: *** [cmTC_71881/fast] Error 2

File /home/florian/Aigritec/Real_Hebi_Ros/catkin_ws/build/hebi_a-2084-01_moveit_config/CMakeFiles/CMakeTmp/CheckSymbolExists.c:
/* */
#include <pthread.h>

int main(int argc, char** argv)
{
  (void)argv;
#ifndef pthread_create
  return ((int*)(&pthread_create))[argc];
#else
  (void)argc;
  return 0;
#endif
}

Determining if the function pthread_create exists in the pthreads failed with the following output:
Change Dir: /home/florian/Aigritec/Real_Hebi_Ros/catkin_ws/build/hebi_a-2084-01_moveit_config/CMakeFiles/CMakeTmp

Run Build Command:"/usr/bin/make" "cmTC_392f1/fast"
/usr/bin/make -f CMakeFiles/cmTC_392f1.dir/build.make CMakeFiles/cmTC_392f1.dir/build
make[1]: ingresso nella directory "/home/florian/Aigritec/Real_Hebi_Ros/catkin_ws/build/hebi_a-2084-01_moveit_config/CMakeFiles/CMakeTmp"
Building C object CMakeFiles/cmTC_392f1.dir/CheckFunctionExists.c.o
/usr/bin/cc   -DCHECK_FUNCTION_EXISTS=pthread_create   -o CMakeFiles/cmTC_392f1.dir/CheckFunctionExists.c.o   -c /usr/share/cmake-3.10/Modules/CheckFunctionExists.c
Linking C executable cmTC_392f1
/usr/bin/cmake -E cmake_link_script CMakeFiles/cmTC_392f1.dir/link.txt --verbose=1
/usr/bin/cc  -DCHECK_FUNCTION_EXISTS=pthread_create    -rdynamic CMakeFiles/cmTC_392f1.dir/CheckFunctionExists.c.o  -o cmTC_392f1 -lpthreads 
/usr/bin/ld: impossibile trovare -lpthreads
collect2: error: ld returned 1 exit status
CMakeFiles/cmTC_392f1.dir/build.make:97: recipe for target 'cmTC_392f1' failed
make[1]: *** [cmTC_392f1] Error 1
make[1]: uscita dalla directory "/home/florian/Aigritec/Real_Hebi_Ros/catkin_ws/build/hebi_a-2084-01_moveit_config/CMakeFiles/CMakeTmp"
Makefile:126: recipe for target 'cmTC_392f1/fast' failed
make: *** [cmTC_392f1/fast] Error 2


